<?xml version="1.0" encoding="UTF-8"?>
<!-- Generated by org.testng.reporters.JUnitXMLReporter -->
<testsuite ignored="0" hostname="bisag" failures="1" tests="1" name="GoogleTest" time="3.925" errors="0" timestamp="2025-05-03T14:53:25 IST">
  <testcase classname="tests.GoogleTest" name="testGoogleSearchTitle" time="2.777">
    <failure type="java.lang.AssertionError" message="expected [Google1] but found [Google]">
      <![CDATA[java.lang.AssertionError: expected [Google1] but found [Google]
at tests.GoogleTest.testGoogleSearchTitle(GoogleTest.java:27)
at java.base/java.util.ArrayList.forEach(ArrayList.java:1511)
... Removed 37 stack frames]]>
    </failure>
  </testcase> <!-- testGoogleSearchTitle -->
</testsuite> <!-- GoogleTest -->
